#
# A fatal error has been detected by the Java Runtime Environment:
#
#  EXCEPTION_ACCESS_VIOLATION (0xc0000005) at pc=0x00007ff8bb23c8e8, pid=8404, tid=10548
#
# JRE version: OpenJDK Runtime Environment Temurin-17.0.3+7 (17.0.3+7) (build 17.0.3+7)
# Java VM: OpenJDK 64-Bit Server VM Temurin-17.0.3+7 (17.0.3+7, mixed mode, tiered, compressed oops, compressed class ptrs, parallel gc, windows-amd64)
# Problematic frame:
# V  [jvm.dll+0xc8e8]
#
# No core dump will be written. Minidumps are not enabled by default on client versions of Windows
#
# If you would like to submit a bug report, please visit:
#   https://github.com/adoptium/adoptium-support/issues
#

---------------  S U M M A R Y ------------

Command Line: --add-modules=ALL-SYSTEM --add-opens=java.base/java.util=ALL-UNNAMED --add-opens=java.base/java.lang=ALL-UNNAMED --add-opens=java.base/sun.nio.fs=ALL-UNNAMED -Declipse.application=org.eclipse.jdt.ls.core.id1 -Dosgi.bundles.defaultStartLevel=4 -Declipse.product=org.eclipse.jdt.ls.core.product -Djava.import.generatesMetadataFilesAtProjectRoot=false -Dfile.encoding=utf8 -DwatchParentProcess=false -XX:+UseParallelGC -XX:GCTimeRatio=4 -XX:AdaptiveSizePolicyWeight=90 -Dsun.zip.disableMemoryMapping=true -Xmx1G -Xms100m -javaagent:c:\Users\OFICINA\.vscode\extensions\redhat.java-1.9.0-win32-x64\lombok\lombok-1.18.24.jar -XX:+HeapDumpOnOutOfMemoryError -XX:HeapDumpPath=c:\Users\OFICINA\AppData\Roaming\Code\User\workspaceStorage\b96f5073c331a7619b1ebbcc4ab94205\redhat.java c:\Users\OFICINA\.vscode\extensions\redhat.java-1.9.0-win32-x64\server\plugins\org.eclipse.equinox.launcher_1.6.400.v20210924-0641.jar -configuration c:\Users\OFICINA\AppData\Roaming\Code\User\globalStorage\redhat.java\1.9.0\config_win -data c:\Users\OFICINA\AppData\Roaming\Code\User\workspaceStorage\b96f5073c331a7619b1ebbcc4ab94205\redhat.java\jdt_ws

Host: Intel(R) Core(TM) i5-9400F CPU @ 2.90GHz, 6 cores, 15G,  Windows 10 , 64 bit Build 19041 (10.0.19041.1889)
Time: Fri Aug 19 15:11:43 2022 Hora de verano central (México) elapsed time: 15296.115458 seconds (0d 4h 14m 56s)

---------------  T H R E A D  ---------------

Current thread (0x000001a596707ba0):  GCTaskThread "GC Thread#4" [stack: 0x000000667a100000,0x000000667a200000] [id=10548]

Stack: [0x000000667a100000,0x000000667a200000],  sp=0x000000667a1ff778,  free space=1021k
Native frames: (J=compiled Java code, j=interpreted, Vv=VM code, C=native code)
V  [jvm.dll+0xc8e8]


siginfo: EXCEPTION_ACCESS_VIOLATION (0xc0000005), reading address 0x0000000140041b60


Register to memory mapping:

RIP=0x00007ff8bb23c8e8 jvm.dll
RAX=0x0000000000000001 is an unknown value
RBX=0x00000000c11897e0 is an oop: java.lang.String 
{0x00000000c11897e0} - klass: 'java/lang/String'
 - string: "/modules/java.desktop/com/sun/media/sound/SoftSynthesizer.class"
RCX=0x0000000000000003 is an unknown value
RDX=0x00000000c11897e0 is an oop: java.lang.String 
{0x00000000c11897e0} - klass: 'java/lang/String'
 - string: "/modules/java.desktop/com/sun/media/sound/SoftSynthesizer.class"
RSP=0x000000667a1ff778 points into unknown readable memory: 0x00007ff8bb8d9242 | 42 92 8d bb f8 7f 00 00
RBP=0x000000667a1ff880 points into unknown readable memory: 0x00007ff8bbbdf608 | 08 f6 bd bb f8 7f 00 00
RSI=0x00000000c11897e0 is an oop: java.lang.String 
{0x00000000c11897e0} - klass: 'java/lang/String'
 - string: "/modules/java.desktop/com/sun/media/sound/SoftSynthesizer.class"
RDI=0x000001a593e942c0 points into unknown readable memory: 0x000001a5fdf40150 | 50 01 f4 fd a5 01 00 00
R8 =0x0000000140041b58 is an unknown value
R9 =0x0000000000008c4b is an unknown value
R10=0x000000000000004c is an unknown value
R11=0x0000000000000003 is an unknown value
R12=0x0 is NULL
R13=0x0000000000000010 is an unknown value
R14=0x0000000100409338 is a pointer to class: 
jdk.internal.jimage.BasicImageReader$1 {0x0000000100409340}
 - instance size:     3
 - klass size:        70
 - access:            synchronized 
 - state:             fully_initialized
 - name:              'jdk/internal/jimage/BasicImageReader$1'
 - super:             'java/lang/Object'
 - sub:               
 - arrays:            NULL
 - methods:           Array<T>(0x000001a59c1a1990)
 - method ordering:   Array<T>(0x000001a594000018)
 - default_methods:   Array<T>(0x0000000000000000)
 - local interfaces:  Array<T>(0x000001a59c1a1950)
 - trans. interfaces: Array<T>(0x000001a59c1a1950)
 - constants:         constant pool [61] {0x000001a59c1a16e8} for 'jdk/internal/jimage/BasicImageReader$1' cache=0x000001a59c19fdf0
 - class loader data:  loader data: 0x000001a59999b0e0 for instance a 'jdk/internal/jrtfs/JrtFileSystemProvider$JrtFsLoader'{0x00000000c0b9f248}
 - source file:       'BasicImageReader.java'
 - class annotations:       Array<T>(0x0000000000000000)
 - class type annotations:  Array<T>(0x0000000000000000)
 - field annotations:       Array<T>(0x0000000000000000)
 - field type annotations:  Array<T>(0x0000000000000000)
 - generic signature: 'Ljava/lang/Object;Ljava/security/PrivilegedAction<Ljava/lang/Boolean;>;'
 - inner classes:     Array<T>(0x000001a59c1a1bb0)
 - nest members:     Array<T>(0x000001a594000028)
 - permitted subclasses:     Array<T>(0x000001a594000028)
 - java mirror:       a 'java/lang/Class'{0x00000000c0bae290} = 'jdk/internal/jimage/BasicImageReader$1'
 - vtable length      7  (start addr: 0x0000000100409500)
 - itable length      5 (start addr: 0x0000000100409538)
 - ---- static fields (0 words):
 - ---- non-static fields (3 words):
 - final synthetic 'val$value' 'Ljava/lang/String;' @12 
 - final synthetic 'val$key' 'Ljava/lang/String;' @16 
 - final synthetic 'val$def' 'Ljava/lang/String;' @20 
 - non-static oop maps: 12-20 
R15=0x00000000c11897c0 is an oop: jdk.internal.jimage.ImageReader$Resource 
{0x00000000c11897c0} - klass: 'jdk/internal/jimage/ImageReader$Resource'
 - ---- fields (total size 4 words):
 - private 'flags' 'I' @12  0
 - private 'completed' 'Z' @16  false
 - private final 'name' 'Ljava/lang/String;' @20  "/modules/java.desktop/com/sun/media/sound/SoftSynthesizer.class"{0x00000000c11897e0} (c11897e0)
 - private final 'fileAttrs' 'Ljava/nio/file/attribute/BasicFileAttributes;' @24  a 'sun/nio/fs/WindowsFileAttributes'{0x00000000c0b37770} (c0b37770)
 - private final 'loc' 'Ljdk/internal/jimage/ImageLocation;' @28  a 'jdk/internal/jimage/ImageLocation'{0x00000000c1189848} (c1189848)


Registers:
RAX=0x0000000000000001, RBX=0x00000000c11897e0, RCX=0x0000000000000003, RDX=0x00000000c11897e0
RSP=0x000000667a1ff778, RBP=0x000000667a1ff880, RSI=0x00000000c11897e0, RDI=0x000001a593e942c0
R8 =0x0000000140041b58, R9 =0x0000000000008c4b, R10=0x000000000000004c, R11=0x0000000000000003
R12=0x0000000000000000, R13=0x0000000000000010, R14=0x0000000100409338, R15=0x00000000c11897c0
RIP=0x00007ff8bb23c8e8, EFLAGS=0x0000000000010202

Top of Stack: (sp=0x000000667a1ff778)
0x000000667a1ff778:   00007ff8bb8d9242 00000000c1189708
0x000000667a1ff788:   000000000000000a 000000667a1ff880
0x000000667a1ff798:   00007ff8bb8d8089 000001a593e942c0
0x000000667a1ff7a8:   00007ff8bb8d6b22 00000000c11897e0
0x000000667a1ff7b8:   0000000100401000 000001a599ed7c80
0x000000667a1ff7c8:   000000667a1ff880 0000000100409330
0x000000667a1ff7d8:   00007ff8bb8d739e 00000000c11897d4
0x000000667a1ff7e8:   00007ff8bb8d88fe 00000000c1188678
0x000000667a1ff7f8:   00000000c1188518 00007ff8bbd446c0
0x000000667a1ff808:   00007ff8bbb47b10 000000000001a95a
0x000000667a1ff818:   00007ff8bb8d8c39 00007ff8bbbdf608
0x000000667a1ff828:   000001a593e942c0 000000667a1ff889
0x000000667a1ff838:   000000000001a85b 0000b00b000006fb
0x000000667a1ff848:   00007ff8bb8d926d 00000000c0c54e10
0x000000667a1ff858:   0000000000000008 00000000c03892fc
0x000000667a1ff868:   00007ff8bb8d88fe 000001a593e942c0 

Instructions: (pc=0x00007ff8bb23c8e8)
0x00007ff8bb23c7e8:   48 83 c4 20 5e c3 cc cc 48 8b 01 c3 cc cc cc cc
0x00007ff8bb23c7f8:   cc cc cc cc cc cc cc cc 4c 8b 01 4c 8b c9 48 8b
0x00007ff8bb23c808:   0d c3 e1 b4 00 ba 44 60 08 00 e9 59 f2 ff ff cc
0x00007ff8bb23c818:   cc cc cc cc cc cc cc cc 48 89 5c 24 08 57 48 83
0x00007ff8bb23c828:   ec 20 48 8b 39 48 8b d9 48 85 3d 61 bf b9 00 75
0x00007ff8bb23c838:   0e 48 8b c7 48 8b 5c 24 30 48 83 c4 20 5f c3 48
0x00007ff8bb23c848:   8b cf e8 f1 55 85 00 48 8b d0 48 85 c0 74 20 48
0x00007ff8bb23c858:   8b c7 f0 48 0f b1 13 74 16 48 85 05 30 bf b9 00
0x00007ff8bb23c868:   74 0d 48 8b c8 f0 48 0f b1 13 48 3b c1 75 ea 48
0x00007ff8bb23c878:   8b 5c 24 30 48 8b c2 48 83 c4 20 5f c3 cc cc cc
0x00007ff8bb23c888:   cc cc cc cc cc cc cc cc 4c 8b 01 4c 8b c9 48 8b
0x00007ff8bb23c898:   0d 33 e1 b4 00 ba 64 60 08 00 e9 c9 f1 ff ff cc
0x00007ff8bb23c8a8:   cc cc cc cc cc cc cc cc 8b 05 32 2a af 00 c3 cc
0x00007ff8bb23c8b8:   cc cc cc cc cc cc cc cc 0f b6 05 68 e9 b5 00 48
0x00007ff8bb23c8c8:   8b d1 84 c0 74 16 44 8b 41 08 8b 0d 10 2a af 00
0x00007ff8bb23c8d8:   49 d3 e0 4c 03 05 fe 29 af 00 eb 04 4c 8b 41 08
0x00007ff8bb23c8e8:   45 8b 50 08 45 85 d2 7e 0e 41 f6 c2 01 75 53 41
0x00007ff8bb23c8f8:   c1 fa 03 41 8b c2 c3 79 49 84 c0 b9 10 00 00 00
0x00007ff8bb23c908:   8b 05 16 39 af 00 41 b8 0c 00 00 00 41 0f 45 c8
0x00007ff8bb23c918:   ff c8 4c 63 c8 48 63 14 11 41 8b ca 83 e1 3f 48
0x00007ff8bb23c928:   d3 e2 41 8b ca 48 c1 f9 10 0f b6 c1 49 8d 0c 11
0x00007ff8bb23c938:   49 f7 d1 48 03 c1 49 c1 e9 03 48 c1 e8 03 41 23
0x00007ff8bb23c948:   c1 c3 49 8b 00 49 8b c8 48 ff a0 00 01 00 00 cc
0x00007ff8bb23c958:   cc cc cc cc cc cc cc cc 8b 44 24 30 45 03 c9 44
0x00007ff8bb23c968:   2b 4c 24 28 83 c0 0b 44 03 ca 45 03 c8 41 03 c1
0x00007ff8bb23c978:   c3 cc cc cc cc cc cc cc 4c 8b ca 48 8b d1 45 8b
0x00007ff8bb23c988:   41 08 45 85 c0 7e 0e 41 f6 c0 01 75 56 41 c1 f8
0x00007ff8bb23c998:   03 41 8b c0 c3 79 4c 80 3d 89 e8 b5 00 00 b8 0c
0x00007ff8bb23c9a8:   00 00 00 b9 10 00 00 00 0f 45 c8 8b 05 6b 38 af
0x00007ff8bb23c9b8:   00 ff c8 4c 63 c8 48 63 14 11 41 8b c8 83 e1 3f
0x00007ff8bb23c9c8:   48 d3 e2 41 8b c8 48 c1 f9 10 0f b6 c1 49 8d 0c
0x00007ff8bb23c9d8:   11 49 f7 d1 48 03 c1 49 c1 e9 03 48 c1 e8 03 41 


Stack slot to memory mapping:
stack at sp + 0 slots: 0x00007ff8bb8d9242 jvm.dll
stack at sp + 1 slots: 0x00000000c1189708 is an oop: [B 
{0x00000000c1189708} - klass: {type array byte}
 - length: 58
stack at sp + 2 slots: 0x000000000000000a is an unknown value
stack at sp + 3 slots: 0x000000667a1ff880 points into unknown readable memory: 0x00007ff8bbbdf608 | 08 f6 bd bb f8 7f 00 00
stack at sp + 4 slots: 0x00007ff8bb8d8089 jvm.dll
stack at sp + 5 slots: 0x000001a593e942c0 points into unknown readable memory: 0x000001a5fdf40150 | 50 01 f4 fd a5 01 00 00
stack at sp + 6 slots: 0x00007ff8bb8d6b22 jvm.dll
stack at sp + 7 slots: 0x00000000c11897e0 is an oop: java.lang.String 
{0x00000000c11897e0} - klass: 'java/lang/String'
 - string: "/modules/java.desktop/com/sun/media/sound/SoftSynthesizer.class"


---------------  P R O C E S S  ---------------

Threads class SMR info:
_java_thread_list=0x000001a59cdf8a30, length=31, elements={
0x000001a5fe1947f0, 0x000001a593f76750, 0x000001a593f77db0, 0x000001a595f791a0,
0x000001a595f79f20, 0x000001a595f7b340, 0x000001a595f7ed80, 0x000001a593f955c0,
0x000001a593f9bfd0, 0x000001a593f9e090, 0x000001a595ff1bc0, 0x000001a5962b1c00,
0x000001a596664d60, 0x000001a597a09030, 0x000001a597847fb0, 0x000001a5977a7700,
0x000001a597b757b0, 0x000001a59669bd10, 0x000001a59669cb80, 0x000001a59669d050,
0x000001a59794d470, 0x000001a59794e2e0, 0x000001a59794adf0, 0x000001a5a6448c90,
0x000001a59794b2c0, 0x000001a595ffc490, 0x000001a59967ed70, 0x000001a59669c1e0,
0x000001a59967b3b0, 0x000001a59967c220, 0x000001a597950960
}

Java Threads: ( => current thread )
  0x000001a5fe1947f0 JavaThread "main" [_thread_blocked, id=5148, stack(0x0000006678e00000,0x0000006678f00000)]
  0x000001a593f76750 JavaThread "Reference Handler" daemon [_thread_blocked, id=10836, stack(0x0000006679100000,0x0000006679200000)]
  0x000001a593f77db0 JavaThread "Finalizer" daemon [_thread_blocked, id=7712, stack(0x0000006679200000,0x0000006679300000)]
  0x000001a595f791a0 JavaThread "Signal Dispatcher" daemon [_thread_blocked, id=10372, stack(0x0000006679300000,0x0000006679400000)]
  0x000001a595f79f20 JavaThread "Attach Listener" daemon [_thread_blocked, id=2728, stack(0x0000006679400000,0x0000006679500000)]
  0x000001a595f7b340 JavaThread "Service Thread" daemon [_thread_blocked, id=6980, stack(0x0000006679500000,0x0000006679600000)]
  0x000001a595f7ed80 JavaThread "Monitor Deflation Thread" daemon [_thread_blocked, id=6708, stack(0x0000006679600000,0x0000006679700000)]
  0x000001a593f955c0 JavaThread "C2 CompilerThread0" daemon [_thread_blocked, id=11900, stack(0x0000006679700000,0x0000006679800000)]
  0x000001a593f9bfd0 JavaThread "C1 CompilerThread0" daemon [_thread_blocked, id=12016, stack(0x0000006679800000,0x0000006679900000)]
  0x000001a593f9e090 JavaThread "Sweeper thread" daemon [_thread_blocked, id=4056, stack(0x0000006679900000,0x0000006679a00000)]
  0x000001a595ff1bc0 JavaThread "Common-Cleaner" daemon [_thread_blocked, id=11052, stack(0x0000006679a00000,0x0000006679b00000)]
  0x000001a5962b1c00 JavaThread "Notification Thread" daemon [_thread_blocked, id=11724, stack(0x0000006679b00000,0x0000006679c00000)]
  0x000001a596664d60 JavaThread "Active Thread: Equinox Container: 172c210a-3e2f-4e23-b926-ec3666426736" [_thread_blocked, id=4404, stack(0x000000667a300000,0x000000667a400000)]
  0x000001a597a09030 JavaThread "Framework Event Dispatcher: Equinox Container: 172c210a-3e2f-4e23-b926-ec3666426736" daemon [_thread_blocked, id=10972, stack(0x000000667a400000,0x000000667a500000)]
  0x000001a597847fb0 JavaThread "Start Level: Equinox Container: 172c210a-3e2f-4e23-b926-ec3666426736" daemon [_thread_blocked, id=4440, stack(0x000000667a500000,0x000000667a600000)]
  0x000001a5977a7700 JavaThread "SCR Component Actor" daemon [_thread_blocked, id=11072, stack(0x000000667a600000,0x000000667a700000)]
  0x000001a597b757b0 JavaThread "Bundle File Closer" daemon [_thread_blocked, id=11104, stack(0x000000667a800000,0x000000667a900000)]
  0x000001a59669bd10 JavaThread "Worker-JM" [_thread_blocked, id=2184, stack(0x000000667a900000,0x000000667aa00000)]
  0x000001a59669cb80 JavaThread "Java indexing" daemon [_thread_blocked, id=2560, stack(0x000000667ad00000,0x000000667ae00000)]
  0x000001a59669d050 JavaThread "pool-1-thread-1" [_thread_blocked, id=2384, stack(0x000000667b000000,0x000000667b100000)]
  0x000001a59794d470 JavaThread "Java Debug Server" daemon [_thread_in_native, id=11904, stack(0x0000006679d00000,0x0000006679e00000)]
  0x000001a59794e2e0 JavaThread "RxSchedulerPurge-1" daemon [_thread_blocked, id=9440, stack(0x000000667b800000,0x000000667b900000)]
  0x000001a59794adf0 JavaThread "RxCachedWorkerPoolEvictor-1" daemon [_thread_blocked, id=11024, stack(0x000000667b900000,0x000000667ba00000)]
  0x000001a5a6448c90 JavaThread "ForkJoinPool.commonPool-worker-31" daemon [_thread_blocked, id=1656, stack(0x0000006678b00000,0x0000006678c00000)]
  0x000001a59794b2c0 JavaThread "ForkJoinPool.commonPool-worker-33" daemon [_thread_blocked, id=5524, stack(0x0000006678c00000,0x0000006678d00000)]
  0x000001a595ffc490 JavaThread "ForkJoinPool.commonPool-worker-37" daemon [_thread_blocked, id=2156, stack(0x000000667aa00000,0x000000667ab00000)]
  0x000001a59967ed70 JavaThread "ForkJoinPool.commonPool-worker-38" daemon [_thread_blocked, id=1756, stack(0x000000667b300000,0x000000667b400000)]
  0x000001a59669c1e0 JavaThread "Worker-64" [_thread_blocked, id=12088, stack(0x000000667b500000,0x000000667b600000)]
  0x000001a59967b3b0 JavaThread "Worker-65" [_thread_blocked, id=11056, stack(0x0000006678d00000,0x0000006678e00000)]
  0x000001a59967c220 JavaThread "ForkJoinPool.commonPool-worker-39" daemon [_thread_blocked, id=9148, stack(0x000000667ab00000,0x000000667ac00000)]
  0x000001a597950960 JavaThread "Worker-67" [_thread_blocked, id=11840, stack(0x000000667ac00000,0x000000667ad00000)]

Other Threads:
  0x000001a5fe26eb50 VMThread "VM Thread" [stack: 0x0000006679000000,0x0000006679100000] [id=3276]
  0x000001a59625b260 WatcherThread [stack: 0x0000006679c00000,0x0000006679d00000] [id=5188]
  0x000001a5fe1a9e70 GCTaskThread "GC Thread#0" [stack: 0x0000006678f00000,0x0000006679000000] [id=11652]
  0x000001a596a988e0 GCTaskThread "GC Thread#1" [stack: 0x0000006679e00000,0x0000006679f00000] [id=4708]
  0x000001a5966a1ea0 GCTaskThread "GC Thread#2" [stack: 0x0000006679f00000,0x000000667a000000] [id=2992]
  0x000001a5967078f0 GCTaskThread "GC Thread#3" [stack: 0x000000667a000000,0x000000667a100000] [id=7624]
=>0x000001a596707ba0 GCTaskThread "GC Thread#4" [stack: 0x000000667a100000,0x000000667a200000] [id=10548]
  0x000001a5965e41b0 GCTaskThread "GC Thread#5" [stack: 0x000000667a200000,0x000000667a300000] [id=7740]

Threads with active compile tasks:

VM state: at safepoint (normal execution)

VM Mutex/Monitor currently owned by a thread:  ([mutex/lock_event])
[0x000001a5fe18e090] Threads_lock - owner thread: 0x000001a5fe26eb50
[0x000001a5fe18e000] Heap_lock - owner thread: 0x000001a5a6448c90

Heap address: 0x00000000c0000000, size: 1024 MB, Compressed Oops mode: 32-bit

CDS archive(s) not mapped
Compressed class space mapped at: 0x0000000100000000-0x0000000140000000, reserved size: 1073741824
Narrow klass base: 0x0000000000000000, Narrow klass shift: 3, Narrow klass range: 0x140000000

GC Precious Log:
 CPUs: 6 total, 6 available
 Memory: 16319M
 Large Page Support: Disabled
 NUMA Support: Disabled
 Compressed Oops: Enabled (32-bit)
 Alignments: Space 512K, Generation 512K, Heap 2M
 Heap Min Capacity: 100M
 Heap Initial Capacity: 100M
 Heap Max Capacity: 1G
 Pre-touch: Disabled
 Parallel Workers: 6

Heap:
 PSYoungGen      total 9728K, used 2040K [0x00000000eab00000, 0x00000000ebd80000, 0x0000000100000000)
  eden space 7680K, 0% used [0x00000000eab00000,0x00000000eab00000,0x00000000eb280000)
  from space 2048K, 99% used [0x00000000eb380000,0x00000000eb57e090,0x00000000eb580000)
  to   space 5632K, 0% used [0x00000000eb800000,0x00000000eb800000,0x00000000ebd80000)
 ParOldGen       total 260096K, used 260073K [0x00000000c0000000, 0x00000000cfe00000, 0x00000000eab00000)
  object space 260096K, 99% used [0x00000000c0000000,0x00000000cfdfa768,0x00000000cfe00000)
 Metaspace       used 89496K, committed 90624K, reserved 1138688K
  class space    used 8587K, committed 9152K, reserved 1048576K

Card table byte_map: [0x000001a5ffc40000,0x000001a5ffe50000] _byte_map_base: 0x000001a5ff640000

Marking Bits: (ParMarkBitMap*) 0x00007ff8bbdb4b80
 Begin Bits: [0x000001a591bb0000, 0x000001a592bb0000)
 End Bits:   [0x000001a592bb0000, 0x000001a593bb0000)

Polling page: 0x000001a5fe270000

Metaspace:

Usage:
  Non-class:     79.01 MB used.
      Class:      8.39 MB used.
       Both:     87.40 MB used.

Virtual space:
  Non-class space:       88.00 MB reserved,      79.56 MB ( 90%) committed,  11 nodes.
      Class space:        1.00 GB reserved,       8.94 MB ( <1%) committed,  1 nodes.
             Both:        1.09 GB reserved,      88.50 MB (  8%) committed. 

Chunk freelists:
   Non-Class:  3.56 MB
       Class:  2.99 MB
        Both:  6.55 MB

MaxMetaspaceSize: unlimited
CompressedClassSpaceSize: 1.00 GB
Initial GC threshold: 21.00 MB
Current GC threshold: 147.44 MB
CDS: off
MetaspaceReclaimPolicy: balanced
 - commit_granule_bytes: 65536.
 - commit_granule_words: 8192.
 - virtual_space_node_default_size: 1048576.
 - enlarge_chunks_in_place: 1.
 - new_chunks_are_fully_committed: 0.
 - uncommit_free_chunks: 1.
 - use_allocation_guard: 0.
 - handle_deallocations: 1.


Internal statistics:

num_allocs_failed_limit: 11.
num_arena_births: 724.
num_arena_deaths: 144.
num_vsnodes_births: 12.
num_vsnodes_deaths: 0.
num_space_committed: 1416.
num_space_uncommitted: 0.
num_chunks_returned_to_freelist: 186.
num_chunks_taken_from_freelist: 4475.
num_chunk_merges: 58.
num_chunk_splits: 2707.
num_chunks_enlarged: 1540.
num_purges: 26.
num_inconsistent_stats: 0.

CodeHeap 'non-profiled nmethods': size=120000Kb used=35017Kb max_used=35197Kb free=84982Kb
 bounds [0x000001a58a680000, 0x000001a58c900000, 0x000001a591bb0000]
CodeHeap 'profiled nmethods': size=120000Kb used=37188Kb max_used=38134Kb free=82811Kb
 bounds [0x000001a583150000, 0x000001a5856f0000, 0x000001a58a680000]
CodeHeap 'non-nmethods': size=5760Kb used=1445Kb max_used=1565Kb free=4314Kb
 bounds [0x000001a582bb0000, 0x000001a582e20000, 0x000001a583150000]
 total_blobs=20284 nmethods=19488 adapters=704
 compilation: enabled
              stopped_count=0, restarted_count=0
 full_count=0

Compilation events (20 events):
Event: 15259.979 Thread 0x000001a593f9bfd0 32182       3       org.eclipse.jdt.internal.corext.dom.fragments.AssociativeInfixExpressionFragment::isAGroupRoot (25 bytes)
Event: 15259.980 Thread 0x000001a593f9bfd0 nmethod 32182 0x000001a584a97990 code [0x000001a584a97ba0, 0x000001a584a984f8]
Event: 15259.980 Thread 0x000001a593f9bfd0 32183       3       org.eclipse.jdt.internal.corext.dom.fragments.AssociativeInfixExpressionFragment::isParentInfixWithSameOperator (31 bytes)
Event: 15259.980 Thread 0x000001a593f9bfd0 nmethod 32183 0x000001a583407910 code [0x000001a583407ac0, 0x000001a583407eb8]
Event: 15268.132 Thread 0x000001a593f955c0 32184       4       org.eclipse.jdt.internal.compiler.ast.BinaryExpression::generateCode (2738 bytes)
Event: 15268.156 Thread 0x000001a593f955c0 nmethod 32184 0x000001a58af94d10 code [0x000001a58af953a0, 0x000001a58af97718]
Event: 15269.041 Thread 0x000001a593f9bfd0 32185       3       org.eclipse.jdt.internal.codeassist.SelectionEngine::accept (26 bytes)
Event: 15269.042 Thread 0x000001a593f9bfd0 nmethod 32185 0x000001a583efe210 code [0x000001a583efe3c0, 0x000001a583efe548]
Event: 15269.464 Thread 0x000001a593f955c0 32186       4       org.eclipse.jdt.internal.core.search.PatternSearchJob::ensureReadyToRun (14 bytes)
Event: 15269.469 Thread 0x000001a593f955c0 nmethod 32186 0x000001a58af94010 code [0x000001a58af941e0, 0x000001a58af94878]
Event: 15269.912 Thread 0x000001a593f955c0 32187       4       org.eclipse.jdt.ls.core.internal.text.correction.QuickAssistProcessor$1::visitNode (71 bytes)
Event: 15269.916 Thread 0x000001a593f955c0 nmethod 32187 0x000001a58c50e590 code [0x000001a58c50e740, 0x000001a58c50ed98]
Event: 15273.742 Thread 0x000001a593f9bfd0 32188       3       org.eclipse.jdt.internal.corext.dom.fragments.ASTFragmentFactory::createFragmentForSubPartBySourceRange (7 bytes)
Event: 15273.742 Thread 0x000001a593f9bfd0 nmethod 32188 0x000001a58420b290 code [0x000001a58420b460, 0x000001a58420b8a8]
Event: 15273.742 Thread 0x000001a593f9bfd0 32189       3       org.eclipse.jdt.internal.corext.dom.fragments.ASTFragmentFactory$FragmentForSubPartBySourceRangeFactory::createFragmentFor (14 bytes)
Event: 15273.743 Thread 0x000001a593f9bfd0 nmethod 32189 0x000001a58420a890 code [0x000001a58420aa80, 0x000001a58420b008]
Event: 15275.263 Thread 0x000001a593f9bfd0 32190       3       org.eclipse.jdt.internal.corext.dom.fragments.AssociativeInfixExpressionFragment::rangeStartsBetween (32 bytes)
Event: 15275.263 Thread 0x000001a593f9bfd0 nmethod 32190 0x000001a583e60410 code [0x000001a583e605c0, 0x000001a583e60818]
Event: 15283.781 Thread 0x000001a593f9bfd0 32191       3       org.eclipse.jdt.internal.corext.dom.fragments.AssociativeInfixExpressionFragment::rangeEndsBetween (30 bytes)
Event: 15283.781 Thread 0x000001a593f9bfd0 nmethod 32191 0x000001a584137490 code [0x000001a584137640, 0x000001a584137918]

GC Heap History (20 events):
Event: 15295.486 GC heap after
{Heap after GC invocations=70437 (full 2335):
 PSYoungGen      total 7168K, used 1824K [0x00000000eab00000, 0x00000000eb800000, 0x0000000100000000)
  eden space 5120K, 0% used [0x00000000eab00000,0x00000000eab00000,0x00000000eb000000)
  from space 2048K, 89% used [0x00000000eb600000,0x00000000eb7c8198,0x00000000eb800000)
  to   space 3584K, 0% used [0x00000000eb100000,0x00000000eb100000,0x00000000eb480000)
 ParOldGen       total 259584K, used 247262K [0x00000000c0000000, 0x00000000cfd80000, 0x00000000eab00000)
  object space 259584K, 95% used [0x00000000c0000000,0x00000000cf177948,0x00000000cfd80000)
 Metaspace       used 89496K, committed 90624K, reserved 1138688K
  class space    used 8587K, committed 9152K, reserved 1048576K
}
Event: 15295.491 GC heap before
{Heap before GC invocations=70438 (full 2335):
 PSYoungGen      total 7168K, used 6944K [0x00000000eab00000, 0x00000000eb800000, 0x0000000100000000)
  eden space 5120K, 100% used [0x00000000eab00000,0x00000000eb000000,0x00000000eb000000)
  from space 2048K, 89% used [0x00000000eb600000,0x00000000eb7c8198,0x00000000eb800000)
  to   space 3584K, 0% used [0x00000000eb100000,0x00000000eb100000,0x00000000eb480000)
 ParOldGen       total 259584K, used 247262K [0x00000000c0000000, 0x00000000cfd80000, 0x00000000eab00000)
  object space 259584K, 95% used [0x00000000c0000000,0x00000000cf177948,0x00000000cfd80000)
 Metaspace       used 89496K, committed 90624K, reserved 1138688K
  class space    used 8587K, committed 9152K, reserved 1048576K
}
Event: 15295.493 GC heap after
{Heap after GC invocations=70438 (full 2335):
 PSYoungGen      total 9728K, used 3168K [0x00000000eab00000, 0x00000000eb800000, 0x0000000100000000)
  eden space 6144K, 0% used [0x00000000eab00000,0x00000000eab00000,0x00000000eb100000)
  from space 3584K, 88% used [0x00000000eb100000,0x00000000eb418000,0x00000000eb480000)
  to   space 3584K, 0% used [0x00000000eb480000,0x00000000eb480000,0x00000000eb800000)
 ParOldGen       total 259584K, used 249003K [0x00000000c0000000, 0x00000000cfd80000, 0x00000000eab00000)
  object space 259584K, 95% used [0x00000000c0000000,0x00000000cf32aef8,0x00000000cfd80000)
 Metaspace       used 89496K, committed 90624K, reserved 1138688K
  class space    used 8587K, committed 9152K, reserved 1048576K
}
Event: 15295.496 GC heap before
{Heap before GC invocations=70439 (full 2335):
 PSYoungGen      total 9728K, used 9312K [0x00000000eab00000, 0x00000000eb800000, 0x0000000100000000)
  eden space 6144K, 100% used [0x00000000eab00000,0x00000000eb100000,0x00000000eb100000)
  from space 3584K, 88% used [0x00000000eb100000,0x00000000eb418000,0x00000000eb480000)
  to   space 3584K, 0% used [0x00000000eb480000,0x00000000eb480000,0x00000000eb800000)
 ParOldGen       total 259584K, used 249003K [0x00000000c0000000, 0x00000000cfd80000, 0x00000000eab00000)
  object space 259584K, 95% used [0x00000000c0000000,0x00000000cf32aef8,0x00000000cfd80000)
 Metaspace       used 89496K, committed 90624K, reserved 1138688K
  class space    used 8587K, committed 9152K, reserved 1048576K
}
Event: 15295.500 GC heap after
{Heap after GC invocations=70439 (full 2335):
 PSYoungGen      total 10240K, used 2400K [0x00000000eab00000, 0x00000000eb880000, 0x0000000100000000)
  eden space 6656K, 0% used [0x00000000eab00000,0x00000000eab00000,0x00000000eb180000)
  from space 3584K, 66% used [0x00000000eb480000,0x00000000eb6d8200,0x00000000eb800000)
  to   space 3072K, 0% used [0x00000000eb180000,0x00000000eb180000,0x00000000eb480000)
 ParOldGen       total 259584K, used 251731K [0x00000000c0000000, 0x00000000cfd80000, 0x00000000eab00000)
  object space 259584K, 96% used [0x00000000c0000000,0x00000000cf5d4ef8,0x00000000cfd80000)
 Metaspace       used 89496K, committed 90624K, reserved 1138688K
  class space    used 8587K, committed 9152K, reserved 1048576K
}
Event: 15295.507 GC heap before
{Heap before GC invocations=70440 (full 2335):
 PSYoungGen      total 10240K, used 9056K [0x00000000eab00000, 0x00000000eb880000, 0x0000000100000000)
  eden space 6656K, 100% used [0x00000000eab00000,0x00000000eb180000,0x00000000eb180000)
  from space 3584K, 66% used [0x00000000eb480000,0x00000000eb6d8200,0x00000000eb800000)
  to   space 3072K, 0% used [0x00000000eb180000,0x00000000eb180000,0x00000000eb480000)
 ParOldGen       total 259584K, used 251731K [0x00000000c0000000, 0x00000000cfd80000, 0x00000000eab00000)
  object space 259584K, 96% used [0x00000000c0000000,0x00000000cf5d4ef8,0x00000000cfd80000)
 Metaspace       used 89496K, committed 90624K, reserved 1138688K
  class space    used 8587K, committed 9152K, reserved 1048576K
}
Event: 15295.508 GC heap after
{Heap after GC invocations=70440 (full 2335):
 PSYoungGen      total 9728K, used 192K [0x00000000eab00000, 0x00000000eb600000, 0x0000000100000000)
  eden space 6656K, 0% used [0x00000000eab00000,0x00000000eab00000,0x00000000eb180000)
  from space 3072K, 6% used [0x00000000eb180000,0x00000000eb1b0000,0x00000000eb480000)
  to   space 1536K, 0% used [0x00000000eb480000,0x00000000eb480000,0x00000000eb600000)
 ParOldGen       total 259584K, used 252175K [0x00000000c0000000, 0x00000000cfd80000, 0x00000000eab00000)
  object space 259584K, 97% used [0x00000000c0000000,0x00000000cf643f18,0x00000000cfd80000)
 Metaspace       used 89496K, committed 90624K, reserved 1138688K
  class space    used 8587K, committed 9152K, reserved 1048576K
}
Event: 15295.528 GC heap before
{Heap before GC invocations=70441 (full 2335):
 PSYoungGen      total 9728K, used 6848K [0x00000000eab00000, 0x00000000eb600000, 0x0000000100000000)
  eden space 6656K, 100% used [0x00000000eab00000,0x00000000eb180000,0x00000000eb180000)
  from space 3072K, 6% used [0x00000000eb180000,0x00000000eb1b0000,0x00000000eb480000)
  to   space 1536K, 0% used [0x00000000eb480000,0x00000000eb480000,0x00000000eb600000)
 ParOldGen       total 259584K, used 252175K [0x00000000c0000000, 0x00000000cfd80000, 0x00000000eab00000)
  object space 259584K, 97% used [0x00000000c0000000,0x00000000cf643f18,0x00000000cfd80000)
 Metaspace       used 89496K, committed 90624K, reserved 1138688K
  class space    used 8587K, committed 9152K, reserved 1048576K
}
Event: 15295.528 GC heap after
{Heap after GC invocations=70441 (full 2335):
 PSYoungGen      total 9728K, used 1279K [0x00000000eab00000, 0x00000000eb600000, 0x0000000100000000)
  eden space 8192K, 0% used [0x00000000eab00000,0x00000000eab00000,0x00000000eb300000)
  from space 1536K, 83% used [0x00000000eb480000,0x00000000eb5bff98,0x00000000eb600000)
  to   space 1536K, 0% used [0x00000000eb300000,0x00000000eb300000,0x00000000eb480000)
 ParOldGen       total 259584K, used 252215K [0x00000000c0000000, 0x00000000cfd80000, 0x00000000eab00000)
  object space 259584K, 97% used [0x00000000c0000000,0x00000000cf64df18,0x00000000cfd80000)
 Metaspace       used 89496K, committed 90624K, reserved 1138688K
  class space    used 8587K, committed 9152K, reserved 1048576K
}
Event: 15295.701 GC heap before
{Heap before GC invocations=70442 (full 2335):
 PSYoungGen      total 9728K, used 9471K [0x00000000eab00000, 0x00000000eb600000, 0x0000000100000000)
  eden space 8192K, 100% used [0x00000000eab00000,0x00000000eb300000,0x00000000eb300000)
  from space 1536K, 83% used [0x00000000eb480000,0x00000000eb5bff98,0x00000000eb600000)
  to   space 1536K, 0% used [0x00000000eb300000,0x00000000eb300000,0x00000000eb480000)
 ParOldGen       total 259584K, used 252215K [0x00000000c0000000, 0x00000000cfd80000, 0x00000000eab00000)
  object space 259584K, 97% used [0x00000000c0000000,0x00000000cf64df18,0x00000000cfd80000)
 Metaspace       used 89496K, committed 90624K, reserved 1138688K
  class space    used 8587K, committed 9152K, reserved 1048576K
}
Event: 15295.703 GC heap after
{Heap after GC invocations=70442 (full 2335):
 PSYoungGen      total 9728K, used 624K [0x00000000eab00000, 0x00000000eb680000, 0x0000000100000000)
  eden space 8192K, 0% used [0x00000000eab00000,0x00000000eab00000,0x00000000eb300000)
  from space 1536K, 40% used [0x00000000eb300000,0x00000000eb39c010,0x00000000eb480000)
  to   space 1024K, 0% used [0x00000000eb580000,0x00000000eb580000,0x00000000eb680000)
 ParOldGen       total 259584K, used 253324K [0x00000000c0000000, 0x00000000cfd80000, 0x00000000eab00000)
  object space 259584K, 97% used [0x00000000c0000000,0x00000000cf763350,0x00000000cfd80000)
 Metaspace       used 89496K, committed 90624K, reserved 1138688K
  class space    used 8587K, committed 9152K, reserved 1048576K
}
Event: 15295.730 GC heap before
{Heap before GC invocations=70443 (full 2335):
 PSYoungGen      total 9728K, used 8816K [0x00000000eab00000, 0x00000000eb680000, 0x0000000100000000)
  eden space 8192K, 100% used [0x00000000eab00000,0x00000000eb300000,0x00000000eb300000)
  from space 1536K, 40% used [0x00000000eb300000,0x00000000eb39c010,0x00000000eb480000)
  to   space 1024K, 0% used [0x00000000eb580000,0x00000000eb580000,0x00000000eb680000)
 ParOldGen       total 259584K, used 253324K [0x00000000c0000000, 0x00000000cfd80000, 0x00000000eab00000)
  object space 259584K, 97% used [0x00000000c0000000,0x00000000cf763350,0x00000000cfd80000)
 Metaspace       used 89496K, committed 90624K, reserved 1138688K
  class space    used 8587K, committed 9152K, reserved 1048576K
}
Event: 15295.731 GC heap after
{Heap after GC invocations=70443 (full 2335):
 PSYoungGen      total 8704K, used 1023K [0x00000000eab00000, 0x00000000eba80000, 0x0000000100000000)
  eden space 7680K, 0% used [0x00000000eab00000,0x00000000eab00000,0x00000000eb280000)
  from space 1024K, 99% used [0x00000000eb580000,0x00000000eb67ff98,0x00000000eb680000)
  to   space 3072K, 0% used [0x00000000eb280000,0x00000000eb280000,0x00000000eb580000)
 ParOldGen       total 259584K, used 254793K [0x00000000c0000000, 0x00000000cfd80000, 0x00000000eab00000)
  object space 259584K, 98% used [0x00000000c0000000,0x00000000cf8d2568,0x00000000cfd80000)
 Metaspace       used 89496K, committed 90624K, reserved 1138688K
  class space    used 8587K, committed 9152K, reserved 1048576K
}
Event: 15295.745 GC heap before
{Heap before GC invocations=70444 (full 2335):
 PSYoungGen      total 8704K, used 8703K [0x00000000eab00000, 0x00000000eba80000, 0x0000000100000000)
  eden space 7680K, 100% used [0x00000000eab00000,0x00000000eb280000,0x00000000eb280000)
  from space 1024K, 99% used [0x00000000eb580000,0x00000000eb67ff98,0x00000000eb680000)
  to   space 3072K, 0% used [0x00000000eb280000,0x00000000eb280000,0x00000000eb580000)
 ParOldGen       total 259584K, used 254793K [0x00000000c0000000, 0x00000000cfd80000, 0x00000000eab00000)
  object space 259584K, 98% used [0x00000000c0000000,0x00000000cf8d2568,0x00000000cfd80000)
 Metaspace       used 89496K, committed 90624K, reserved 1138688K
  class space    used 8587K, committed 9152K, reserved 1048576K
}
Event: 15295.747 GC heap after
{Heap after GC invocations=70444 (full 2335):
 PSYoungGen      total 10752K, used 1391K [0x00000000eab00000, 0x00000000eb780000, 0x0000000100000000)
  eden space 7680K, 0% used [0x00000000eab00000,0x00000000eab00000,0x00000000eb280000)
  from space 3072K, 45% used [0x00000000eb280000,0x00000000eb3dbfc8,0x00000000eb580000)
  to   space 2048K, 0% used [0x00000000eb580000,0x00000000eb580000,0x00000000eb780000)
 ParOldGen       total 259584K, used 255820K [0x00000000c0000000, 0x00000000cfd80000, 0x00000000eab00000)
  object space 259584K, 98% used [0x00000000c0000000,0x00000000cf9d30a8,0x00000000cfd80000)
 Metaspace       used 89496K, committed 90624K, reserved 1138688K
  class space    used 8587K, committed 9152K, reserved 1048576K
}
Event: 15295.763 GC heap before
{Heap before GC invocations=70445 (full 2335):
 PSYoungGen      total 10752K, used 9071K [0x00000000eab00000, 0x00000000eb780000, 0x0000000100000000)
  eden space 7680K, 100% used [0x00000000eab00000,0x00000000eb280000,0x00000000eb280000)
  from space 3072K, 45% used [0x00000000eb280000,0x00000000eb3dbfc8,0x00000000eb580000)
  to   space 2048K, 0% used [0x00000000eb580000,0x00000000eb580000,0x00000000eb780000)
 ParOldGen       total 259584K, used 255820K [0x00000000c0000000, 0x00000000cfd80000, 0x00000000eab00000)
  object space 259584K, 98% used [0x00000000c0000000,0x00000000cf9d30a8,0x00000000cfd80000)
 Metaspace       used 89496K, committed 90624K, reserved 1138688K
  class space    used 8587K, committed 9152K, reserved 1048576K
}
Event: 15295.764 GC heap after
{Heap after GC invocations=70445 (full 2335):
 PSYoungGen      total 9728K, used 1584K [0x00000000eab00000, 0x00000000eb780000, 0x0000000100000000)
  eden space 7680K, 0% used [0x00000000eab00000,0x00000000eab00000,0x00000000eb280000)
  from space 2048K, 77% used [0x00000000eb580000,0x00000000eb70c010,0x00000000eb780000)
  to   space 2048K, 0% used [0x00000000eb380000,0x00000000eb380000,0x00000000eb580000)
 ParOldGen       total 259584K, used 257079K [0x00000000c0000000, 0x00000000cfd80000, 0x00000000eab00000)
  object space 259584K, 99% used [0x00000000c0000000,0x00000000cfb0dc90,0x00000000cfd80000)
 Metaspace       used 89496K, committed 90624K, reserved 1138688K
  class space    used 8587K, committed 9152K, reserved 1048576K
}
Event: 15296.032 GC heap before
{Heap before GC invocations=70446 (full 2335):
 PSYoungGen      total 9728K, used 9264K [0x00000000eab00000, 0x00000000eb780000, 0x0000000100000000)
  eden space 7680K, 100% used [0x00000000eab00000,0x00000000eb280000,0x00000000eb280000)
  from space 2048K, 77% used [0x00000000eb580000,0x00000000eb70c010,0x00000000eb780000)
  to   space 2048K, 0% used [0x00000000eb380000,0x00000000eb380000,0x00000000eb580000)
 ParOldGen       total 259584K, used 257079K [0x00000000c0000000, 0x00000000cfd80000, 0x00000000eab00000)
  object space 259584K, 99% used [0x00000000c0000000,0x00000000cfb0dc90,0x00000000cfd80000)
 Metaspace       used 89496K, committed 90624K, reserved 1138688K
  class space    used 8587K, committed 9152K, reserved 1048576K
}
Event: 15296.034 GC heap after
{Heap after GC invocations=70446 (full 2335):
 PSYoungGen      total 9728K, used 2040K [0x00000000eab00000, 0x00000000ebd80000, 0x0000000100000000)
  eden space 7680K, 0% used [0x00000000eab00000,0x00000000eab00000,0x00000000eb280000)
  from space 2048K, 99% used [0x00000000eb380000,0x00000000eb57e090,0x00000000eb580000)
  to   space 5632K, 0% used [0x00000000eb800000,0x00000000eb800000,0x00000000ebd80000)
 ParOldGen       total 260096K, used 260073K [0x00000000c0000000, 0x00000000cfe00000, 0x00000000eab00000)
  object space 260096K, 99% used [0x00000000c0000000,0x00000000cfdfa768,0x00000000cfe00000)
 Metaspace       used 89496K, committed 90624K, reserved 1138688K
  class space    used 8587K, committed 9152K, reserved 1048576K
}
Event: 15296.034 GC heap before
{Heap before GC invocations=70447 (full 2336):
 PSYoungGen      total 9728K, used 2040K [0x00000000eab00000, 0x00000000ebd80000, 0x0000000100000000)
  eden space 7680K, 0% used [0x00000000eab00000,0x00000000eab00000,0x00000000eb280000)
  from space 2048K, 99% used [0x00000000eb380000,0x00000000eb57e090,0x00000000eb580000)
  to   space 5632K, 0% used [0x00000000eb800000,0x00000000eb800000,0x00000000ebd80000)
 ParOldGen       total 260096K, used 260073K [0x00000000c0000000, 0x00000000cfe00000, 0x00000000eab00000)
  object space 260096K, 99% used [0x00000000c0000000,0x00000000cfdfa768,0x00000000cfe00000)
 Metaspace       used 89496K, committed 90624K, reserved 1138688K
  class space    used 8587K, committed 9152K, reserved 1048576K
}

Deoptimization events (20 events):
Event: 14415.756 Thread 0x000001a5996800b0 DEOPT PACKING pc=0x000001a584db836c sp=0x000000667aefed10
Event: 14415.756 Thread 0x000001a5996800b0 DEOPT UNPACKING pc=0x000001a582c02843 sp=0x000000667aefe210 mode 0
Event: 14422.692 Thread 0x000001a595ffe170 DEOPT PACKING pc=0x000001a5856d5e7a sp=0x000000667abfe3c0
Event: 14422.692 Thread 0x000001a595ffe170 DEOPT UNPACKING pc=0x000001a582c02843 sp=0x000000667abfdd48 mode 0
Event: 14430.853 Thread 0x000001a5a6448c90 DEOPT PACKING pc=0x000001a58321dafd sp=0x0000006678bfea90
Event: 14430.853 Thread 0x000001a5a6448c90 DEOPT UNPACKING pc=0x000001a582c02843 sp=0x0000006678bfdff8 mode 0
Event: 14464.749 Thread 0x000001a5a6448c90 Uncommon trap: trap_request=0xffffffde fr.pc=0x000001a58c89c14c relative=0x0000000000002bac
Event: 14464.749 Thread 0x000001a5a6448c90 Uncommon trap: reason=class_check action=maybe_recompile pc=0x000001a58c89c14c method=org.eclipse.jdt.internal.compiler.ast.MessageSend.resolveType(Lorg/eclipse/jdt/internal/compiler/lookup/BlockScope;)Lorg/eclipse/jdt/internal/compiler/lookup/TypeBinding
Event: 14464.749 Thread 0x000001a5a6448c90 DEOPT PACKING pc=0x000001a58c89c14c sp=0x0000006678bfe780
Event: 14464.749 Thread 0x000001a5a6448c90 DEOPT UNPACKING pc=0x000001a582c020a3 sp=0x0000006678bfe748 mode 2
Event: 14465.017 Thread 0x000001a595ffe170 Uncommon trap: trap_request=0xffffffde fr.pc=0x000001a58c89c14c relative=0x0000000000002bac
Event: 14465.017 Thread 0x000001a595ffe170 Uncommon trap: reason=class_check action=maybe_recompile pc=0x000001a58c89c14c method=org.eclipse.jdt.internal.compiler.ast.MessageSend.resolveType(Lorg/eclipse/jdt/internal/compiler/lookup/BlockScope;)Lorg/eclipse/jdt/internal/compiler/lookup/TypeBinding
Event: 14465.017 Thread 0x000001a595ffe170 DEOPT PACKING pc=0x000001a58c89c14c sp=0x000000667abfec80
Event: 14465.017 Thread 0x000001a595ffe170 DEOPT UNPACKING pc=0x000001a582c020a3 sp=0x000000667abfec48 mode 2
Event: 14541.926 Thread 0x000001a59967e3d0 Uncommon trap: trap_request=0xffffffde fr.pc=0x000001a58ab36b4c relative=0x000000000000046c
Event: 14541.926 Thread 0x000001a59967e3d0 Uncommon trap: reason=class_check action=maybe_recompile pc=0x000001a58ab36b4c method=org.eclipse.jdt.ls.core.internal.handlers.JsonRpcHelpers.toOffset(Lorg/eclipse/jface/text/IDocument;II)I @ 6 c2
Event: 14541.926 Thread 0x000001a59967e3d0 DEOPT PACKING pc=0x000001a58ab36b4c sp=0x000000667a7ff180
Event: 14541.926 Thread 0x000001a59967e3d0 DEOPT UNPACKING pc=0x000001a582c020a3 sp=0x000000667a7ff0f0 mode 2
Event: 14704.746 Thread 0x000001a595ffc490 DEOPT PACKING pc=0x000001a5850484d6 sp=0x000000667aafe680
Event: 14704.746 Thread 0x000001a595ffc490 DEOPT UNPACKING pc=0x000001a582c02843 sp=0x000000667aafdae8 mode 0

Classes unloaded (20 events):
Event: 850.919 Thread 0x000001a5fe26eb50 Unloading class 0x000000010035c400 'java/lang/invoke/LambdaForm$MH+0x000000010035c400'
Event: 850.919 Thread 0x000001a5fe26eb50 Unloading class 0x000000010031c800 'java/lang/invoke/LambdaForm$MH+0x000000010031c800'
Event: 850.919 Thread 0x000001a5fe26eb50 Unloading class 0x00000001001a0800 'java/lang/invoke/LambdaForm$MH+0x00000001001a0800'
Event: 850.919 Thread 0x000001a5fe26eb50 Unloading class 0x00000001001a0000 'java/lang/invoke/LambdaForm$MH+0x00000001001a0000'
Event: 1403.958 Thread 0x000001a5fe26eb50 Unloading class 0x0000000100884000 'jdk/internal/reflect/GeneratedConstructorAccessor46'
Event: 1403.958 Thread 0x000001a5fe26eb50 Unloading class 0x0000000100819800 'jdk/internal/reflect/GeneratedConstructorAccessor45'
Event: 1403.958 Thread 0x000001a5fe26eb50 Unloading class 0x0000000100819400 'jdk/internal/reflect/GeneratedConstructorAccessor44'
Event: 1403.958 Thread 0x000001a5fe26eb50 Unloading class 0x0000000100818c00 'jdk/internal/reflect/GeneratedConstructorAccessor42'
Event: 1403.958 Thread 0x000001a5fe26eb50 Unloading class 0x0000000100818800 'jdk/internal/reflect/GeneratedConstructorAccessor41'
Event: 1403.958 Thread 0x000001a5fe26eb50 Unloading class 0x0000000100818400 'jdk/internal/reflect/GeneratedConstructorAccessor40'
Event: 1499.591 Thread 0x000001a5fe26eb50 Unloading class 0x00000001007fc000 'jdk/internal/reflect/GeneratedConstructorAccessor35'
Event: 6521.295 Thread 0x000001a5fe26eb50 Unloading class 0x00000001008ab800 'jdk/internal/reflect/GeneratedConstructorAccessor73'
Event: 6849.759 Thread 0x000001a5fe26eb50 Unloading class 0x00000001008ba000 'jdk/internal/reflect/GeneratedConstructorAccessor79'
Event: 7783.152 Thread 0x000001a5fe26eb50 Unloading class 0x00000001008ab400 'jdk/internal/reflect/GeneratedConstructorAccessor72'
Event: 10113.216 Thread 0x000001a5fe26eb50 Unloading class 0x00000001008ba000 'jdk/internal/reflect/GeneratedConstructorAccessor82'
Event: 10113.216 Thread 0x000001a5fe26eb50 Unloading class 0x00000001008ab800 'jdk/internal/reflect/GeneratedConstructorAccessor81'
Event: 11410.829 Thread 0x000001a5fe26eb50 Unloading class 0x00000001008ba400 'jdk/internal/reflect/GeneratedConstructorAccessor85'
Event: 12224.370 Thread 0x000001a5fe26eb50 Unloading class 0x00000001008ba400 'jdk/internal/reflect/GeneratedConstructorAccessor86'
Event: 12902.863 Thread 0x000001a5fe26eb50 Unloading class 0x00000001008ab800 'jdk/internal/reflect/GeneratedConstructorAccessor83'
Event: 15024.450 Thread 0x000001a5fe26eb50 Unloading class 0x00000001008ab800 'jdk/internal/reflect/GeneratedConstructorAccessor87'

Classes redefined (0 events):
No events

Internal exceptions (20 events):
Event: 14946.492 Thread 0x000001a595ffc490 Exception <a 'java/lang/ClassNotFoundException'{0x00000000eab1b368}: sun/net/www/protocol/jdt/Handler> (0x00000000eab1b368) 
thrown [e:\jenkins\tmp\workspace\build\src\src\hotspot\share\classfile\systemDictionary.cpp, line 256]
Event: 14946.492 Thread 0x000001a595ffc490 Exception <a 'java/lang/ClassNotFoundException'{0x00000000eab1d9b8}: sun/net/www/protocol/jdt/Handler> (0x00000000eab1d9b8) 
thrown [e:\jenkins\tmp\workspace\build\src\src\hotspot\share\classfile\systemDictionary.cpp, line 256]
Event: 14946.492 Thread 0x000001a595ffc490 Exception <a 'java/lang/ClassNotFoundException'{0x00000000eab20030}: sun/net/www/protocol/jdt/Handler> (0x00000000eab20030) 
thrown [e:\jenkins\tmp\workspace\build\src\src\hotspot\share\classfile\systemDictionary.cpp, line 256]
Event: 15023.531 Thread 0x000001a5a6448c90 Exception <a 'java/lang/NullPointerException'{0x00000000eace1210}> (0x00000000eace1210) 
thrown [e:\jenkins\tmp\workspace\build\src\src\hotspot\share\interpreter\linkResolver.cpp, line 1357]
Event: 15024.071 Thread 0x000001a5a6448c90 Exception <a 'java/lang/NullPointerException'{0x00000000eacf89b8}> (0x00000000eacf89b8) 
thrown [e:\jenkins\tmp\workspace\build\src\src\hotspot\share\interpreter\linkResolver.cpp, line 1357]
Event: 15024.541 Thread 0x000001a5a6448c90 Exception <a 'java/lang/ClassNotFoundException'{0x00000000ead764d8}: sun/net/www/protocol/jdt/Handler> (0x00000000ead764d8) 
thrown [e:\jenkins\tmp\workspace\build\src\src\hotspot\share\classfile\systemDictionary.cpp, line 256]
Event: 15029.272 Thread 0x000001a5a6448c90 Exception <a 'java/lang/NullPointerException'{0x00000000eac25cd0}> (0x00000000eac25cd0) 
thrown [e:\jenkins\tmp\workspace\build\src\src\hotspot\share\interpreter\linkResolver.cpp, line 1357]
Event: 15029.286 Thread 0x000001a5a6448c90 Exception <a 'java/lang/NullPointerException'{0x00000000eaf7da80}> (0x00000000eaf7da80) 
thrown [e:\jenkins\tmp\workspace\build\src\src\hotspot\share\interpreter\linkResolver.cpp, line 1357]
Event: 15029.313 Thread 0x000001a5a6448c90 Exception <a 'java/lang/NullPointerException'{0x00000000eaf1f670}> (0x00000000eaf1f670) 
thrown [e:\jenkins\tmp\workspace\build\src\src\hotspot\share\interpreter\linkResolver.cpp, line 1357]
Event: 15030.058 Thread 0x000001a5a6448c90 Exception <a 'java/lang/ClassNotFoundException'{0x00000000eae7c7d8}: sun/net/www/protocol/jdt/Handler> (0x00000000eae7c7d8) 
thrown [e:\jenkins\tmp\workspace\build\src\src\hotspot\share\classfile\systemDictionary.cpp, line 256]
Event: 15030.058 Thread 0x000001a5a6448c90 Exception <a 'java/lang/ClassNotFoundException'{0x00000000eae7f798}: sun/net/www/protocol/jdt/Handler> (0x00000000eae7f798) 
thrown [e:\jenkins\tmp\workspace\build\src\src\hotspot\share\classfile\systemDictionary.cpp, line 256]
Event: 15030.058 Thread 0x000001a5a6448c90 Exception <a 'java/lang/ClassNotFoundException'{0x00000000eae81de8}: sun/net/www/protocol/jdt/Handler> (0x00000000eae81de8) 
thrown [e:\jenkins\tmp\workspace\build\src\src\hotspot\share\classfile\systemDictionary.cpp, line 256]
Event: 15030.058 Thread 0x000001a5a6448c90 Exception <a 'java/lang/ClassNotFoundException'{0x00000000eae94688}: sun/net/www/protocol/jdt/Handler> (0x00000000eae94688) 
thrown [e:\jenkins\tmp\workspace\build\src\src\hotspot\share\classfile\systemDictionary.cpp, line 256]
Event: 15030.058 Thread 0x000001a5a6448c90 Exception <a 'java/lang/ClassNotFoundException'{0x00000000eae96d00}: sun/net/www/protocol/jdt/Handler> (0x00000000eae96d00) 
thrown [e:\jenkins\tmp\workspace\build\src\src\hotspot\share\classfile\systemDictionary.cpp, line 256]
Event: 15034.604 Thread 0x000001a59669cb80 Exception <a 'sun/nio/fs/WindowsException'{0x00000000eaba5418}> (0x00000000eaba5418) 
thrown [e:\jenkins\tmp\workspace\build\src\src\hotspot\share\prims\jni.cpp, line 516]
Event: 15034.772 Thread 0x000001a59669cb80 Exception <a 'sun/nio/fs/WindowsException'{0x00000000eabd5728}> (0x00000000eabd5728) 
thrown [e:\jenkins\tmp\workspace\build\src\src\hotspot\share\prims\jni.cpp, line 516]
Event: 15096.326 Thread 0x000001a59669cb80 Exception <a 'sun/nio/fs/WindowsException'{0x00000000eafd87c0}> (0x00000000eafd87c0) 
thrown [e:\jenkins\tmp\workspace\build\src\src\hotspot\share\prims\jni.cpp, line 516]
Event: 15096.489 Thread 0x000001a59669cb80 Exception <a 'sun/nio/fs/WindowsException'{0x00000000eab88978}> (0x00000000eab88978) 
thrown [e:\jenkins\tmp\workspace\build\src\src\hotspot\share\prims\jni.cpp, line 516]
Event: 15163.486 Thread 0x000001a59669cb80 Exception <a 'sun/nio/fs/WindowsException'{0x00000000eaf83d10}> (0x00000000eaf83d10) 
thrown [e:\jenkins\tmp\workspace\build\src\src\hotspot\share\prims\jni.cpp, line 516]
Event: 15163.551 Thread 0x000001a59669cb80 Exception <a 'sun/nio/fs/WindowsException'{0x00000000ead4b908}> (0x00000000ead4b908) 
thrown [e:\jenkins\tmp\workspace\build\src\src\hotspot\share\prims\jni.cpp, line 516]

VM Operations (20 events):
Event: 15295.481 Executing VM operation: ParallelGCFailedAllocation done
Event: 15295.485 Executing VM operation: ParallelGCFailedAllocation
Event: 15295.486 Executing VM operation: ParallelGCFailedAllocation done
Event: 15295.491 Executing VM operation: ParallelGCFailedAllocation
Event: 15295.493 Executing VM operation: ParallelGCFailedAllocation done
Event: 15295.496 Executing VM operation: ParallelGCFailedAllocation
Event: 15295.500 Executing VM operation: ParallelGCFailedAllocation done
Event: 15295.507 Executing VM operation: ParallelGCFailedAllocation
Event: 15295.508 Executing VM operation: ParallelGCFailedAllocation done
Event: 15295.528 Executing VM operation: ParallelGCFailedAllocation
Event: 15295.528 Executing VM operation: ParallelGCFailedAllocation done
Event: 15295.701 Executing VM operation: ParallelGCFailedAllocation
Event: 15295.703 Executing VM operation: ParallelGCFailedAllocation done
Event: 15295.730 Executing VM operation: ParallelGCFailedAllocation
Event: 15295.731 Executing VM operation: ParallelGCFailedAllocation done
Event: 15295.745 Executing VM operation: ParallelGCFailedAllocation
Event: 15295.747 Executing VM operation: ParallelGCFailedAllocation done
Event: 15295.763 Executing VM operation: ParallelGCFailedAllocation
Event: 15295.764 Executing VM operation: ParallelGCFailedAllocation done
Event: 15296.031 Executing VM operation: ParallelGCFailedAllocation

Events (20 events):
Event: 15095.005 Thread 0x000001a5996800b0 Thread exited: 0x000001a5996800b0
Event: 15097.231 Thread 0x000001a597950960 Thread added: 0x000001a597950960
Event: 15097.245 Thread 0x000001a597950960 Thread exited: 0x000001a597950960
Event: 15099.516 Thread 0x000001a595ffe170 Thread exited: 0x000001a595ffe170
Event: 15129.523 Thread 0x000001a59967e3d0 Thread exited: 0x000001a59967e3d0
Event: 15159.054 Thread 0x000001a595ffeb10 Thread exited: 0x000001a595ffeb10
Event: 15163.597 Thread 0x000001a597950960 Thread added: 0x000001a597950960
Event: 15163.714 Thread 0x000001a597950960 Thread exited: 0x000001a597950960
Event: 15170.363 Thread 0x000001a597950960 Thread added: 0x000001a597950960
Event: 15170.378 Thread 0x000001a59794a450 Thread added: 0x000001a59794a450
Event: 15170.393 Thread 0x000001a59794cfa0 Thread added: 0x000001a59794cfa0
Event: 15170.409 Thread 0x000001a59794c130 Thread added: 0x000001a59794c130
Event: 15170.409 Thread 0x000001a59794cfa0 Thread exited: 0x000001a59794cfa0
Event: 15170.543 Thread 0x000001a59794cfa0 Thread added: 0x000001a59794cfa0
Event: 15170.544 Thread 0x000001a59794c130 Thread exited: 0x000001a59794c130
Event: 15218.334 Thread 0x000001a59794a450 Thread exited: 0x000001a59794a450
Event: 15224.742 Thread 0x000001a599682730 Thread exited: 0x000001a599682730
Event: 15248.335 Thread 0x000001a597950960 Thread exited: 0x000001a597950960
Event: 15277.869 Thread 0x000001a59794cfa0 Thread exited: 0x000001a59794cfa0
Event: 15284.373 Thread 0x000001a597950960 Thread added: 0x000001a597950960


Dynamic libraries:
0x00007ff627d20000 - 0x00007ff627d2e000 	c:\Users\OFICINA\.vscode\extensions\redhat.java-1.9.0-win32-x64\jre\17.0.3-win32-x86_64\bin\java.exe
0x00007ff8f91d0000 - 0x00007ff8f93c8000 	C:\WINDOWS\SYSTEM32\ntdll.dll
0x00007ff8f7eb0000 - 0x00007ff8f7f6d000 	C:\WINDOWS\System32\KERNEL32.DLL
0x00007ff8f6e80000 - 0x00007ff8f714e000 	C:\WINDOWS\System32\KERNELBASE.dll
0x00007ff8f6b10000 - 0x00007ff8f6c10000 	C:\WINDOWS\System32\ucrtbase.dll
0x00007ff8f4970000 - 0x00007ff8f4988000 	c:\Users\OFICINA\.vscode\extensions\redhat.java-1.9.0-win32-x64\jre\17.0.3-win32-x86_64\bin\jli.dll
0x00007ff8f4950000 - 0x00007ff8f4969000 	c:\Users\OFICINA\.vscode\extensions\redhat.java-1.9.0-win32-x64\jre\17.0.3-win32-x86_64\bin\VCRUNTIME140.dll
0x00007ff8f7bc0000 - 0x00007ff8f7d60000 	C:\WINDOWS\System32\USER32.dll
0x00007ff8f5d00000 - 0x00007ff8f5f9a000 	C:\WINDOWS\WinSxS\amd64_microsoft.windows.common-controls_6595b64144ccf1df_6.0.19041.1110_none_60b5254171f9507e\COMCTL32.dll
0x00007ff8f6980000 - 0x00007ff8f69a2000 	C:\WINDOWS\System32\win32u.dll
0x00007ff8f9090000 - 0x00007ff8f90ba000 	C:\WINDOWS\System32\GDI32.dll
0x00007ff8f7290000 - 0x00007ff8f732e000 	C:\WINDOWS\System32\msvcrt.dll
0x00007ff8f6d70000 - 0x00007ff8f6e7b000 	C:\WINDOWS\System32\gdi32full.dll
0x00007ff8f6a70000 - 0x00007ff8f6b0d000 	C:\WINDOWS\System32\msvcp_win.dll
0x00007ff8f74e0000 - 0x00007ff8f7510000 	C:\WINDOWS\System32\IMM32.DLL
0x00007ff8f4d50000 - 0x00007ff8f4d5c000 	c:\Users\OFICINA\.vscode\extensions\redhat.java-1.9.0-win32-x64\jre\17.0.3-win32-x86_64\bin\vcruntime140_1.dll
0x00007ff8ce7f0000 - 0x00007ff8ce881000 	c:\Users\OFICINA\.vscode\extensions\redhat.java-1.9.0-win32-x64\jre\17.0.3-win32-x86_64\bin\msvcp140.dll
0x00007ff8bb230000 - 0x00007ff8bbe78000 	c:\Users\OFICINA\.vscode\extensions\redhat.java-1.9.0-win32-x64\jre\17.0.3-win32-x86_64\bin\server\jvm.dll
0x00007ff8f7d80000 - 0x00007ff8f7e2e000 	C:\WINDOWS\System32\ADVAPI32.dll
0x00007ff8f8270000 - 0x00007ff8f830c000 	C:\WINDOWS\System32\sechost.dll
0x00007ff8f7f70000 - 0x00007ff8f8095000 	C:\WINDOWS\System32\RPCRT4.dll
0x00007ff8f7e30000 - 0x00007ff8f7e38000 	C:\WINDOWS\System32\PSAPI.DLL
0x00007ff8f4940000 - 0x00007ff8f4949000 	C:\WINDOWS\SYSTEM32\WSOCK32.dll
0x00007ff8f4820000 - 0x00007ff8f482a000 	C:\WINDOWS\SYSTEM32\VERSION.dll
0x00007ff8eae00000 - 0x00007ff8eae27000 	C:\WINDOWS\SYSTEM32\WINMM.dll
0x00007ff8f7e40000 - 0x00007ff8f7eab000 	C:\WINDOWS\System32\WS2_32.dll
0x00007ff8f3a10000 - 0x00007ff8f3a22000 	C:\WINDOWS\SYSTEM32\kernel.appcore.dll
0x00007ff8f1720000 - 0x00007ff8f172a000 	c:\Users\OFICINA\.vscode\extensions\redhat.java-1.9.0-win32-x64\jre\17.0.3-win32-x86_64\bin\jimage.dll
0x00007ff8f62f0000 - 0x00007ff8f64d4000 	C:\WINDOWS\SYSTEM32\DBGHELP.DLL
0x00007ff8f6270000 - 0x00007ff8f629c000 	C:\WINDOWS\SYSTEM32\dbgcore.DLL
0x00007ff8f68f0000 - 0x00007ff8f6972000 	C:\WINDOWS\System32\bcryptPrimitives.dll
0x00007ff8f1670000 - 0x00007ff8f167e000 	c:\Users\OFICINA\.vscode\extensions\redhat.java-1.9.0-win32-x64\jre\17.0.3-win32-x86_64\bin\instrument.dll
0x00007ff8ed190000 - 0x00007ff8ed1b5000 	c:\Users\OFICINA\.vscode\extensions\redhat.java-1.9.0-win32-x64\jre\17.0.3-win32-x86_64\bin\java.dll
0x00007ff8ed0f0000 - 0x00007ff8ed108000 	c:\Users\OFICINA\.vscode\extensions\redhat.java-1.9.0-win32-x64\jre\17.0.3-win32-x86_64\bin\zip.dll
0x00007ff8f8810000 - 0x00007ff8f8f54000 	C:\WINDOWS\System32\SHELL32.dll
0x00007ff8f3c10000 - 0x00007ff8f43a4000 	C:\WINDOWS\SYSTEM32\windows.storage.dll
0x00007ff8f83f0000 - 0x00007ff8f8744000 	C:\WINDOWS\System32\combase.dll
0x00007ff8f5c60000 - 0x00007ff8f5c90000 	C:\WINDOWS\SYSTEM32\Wldp.dll
0x00007ff8f8f60000 - 0x00007ff8f900d000 	C:\WINDOWS\System32\SHCORE.dll
0x00007ff8f7980000 - 0x00007ff8f79d5000 	C:\WINDOWS\System32\shlwapi.dll
0x00007ff8f6830000 - 0x00007ff8f684f000 	C:\WINDOWS\SYSTEM32\profapi.dll
0x00007ff8ed0d0000 - 0x00007ff8ed0e9000 	C:\Users\OFICINA\.vscode\extensions\redhat.java-1.9.0-win32-x64\jre\17.0.3-win32-x86_64\bin\net.dll
0x00007ff8ed510000 - 0x00007ff8ed61a000 	C:\WINDOWS\SYSTEM32\WINHTTP.dll
0x00007ff8f59e0000 - 0x00007ff8f5a4a000 	C:\WINDOWS\system32\mswsock.dll
0x00007ff8ed090000 - 0x00007ff8ed0a5000 	C:\Users\OFICINA\.vscode\extensions\redhat.java-1.9.0-win32-x64\jre\17.0.3-win32-x86_64\bin\nio.dll
0x00007ff8f1660000 - 0x00007ff8f1670000 	c:\Users\OFICINA\.vscode\extensions\redhat.java-1.9.0-win32-x64\jre\17.0.3-win32-x86_64\bin\verify.dll
0x00007ff8e4c00000 - 0x00007ff8e4c3e000 	C:\Users\OFICINA\AppData\Roaming\Code\User\globalStorage\redhat.java\1.9.0\config_win\org.eclipse.equinox.launcher\org.eclipse.equinox.launcher.win32.win32.x86_64_1.2.500.v20220509-0833\eclipse_11700.dll
0x00007ff8f7a90000 - 0x00007ff8f7bba000 	C:\WINDOWS\System32\ole32.dll
0x00007ff8f6680000 - 0x00007ff8f6698000 	C:\WINDOWS\SYSTEM32\CRYPTSP.dll
0x00007ff8f5360000 - 0x00007ff8f5394000 	C:\WINDOWS\system32\rsaenh.dll
0x00007ff8f7150000 - 0x00007ff8f7177000 	C:\WINDOWS\System32\bcrypt.dll
0x00007ff8f67b0000 - 0x00007ff8f67de000 	C:\WINDOWS\SYSTEM32\USERENV.dll
0x00007ff8f5bd0000 - 0x00007ff8f5bdc000 	C:\WINDOWS\SYSTEM32\CRYPTBASE.dll
0x00007ff8f56b0000 - 0x00007ff8f56eb000 	C:\WINDOWS\SYSTEM32\IPHLPAPI.DLL
0x00007ff8f7d70000 - 0x00007ff8f7d78000 	C:\WINDOWS\System32\NSI.dll
0x00007ff8f0180000 - 0x00007ff8f0197000 	C:\WINDOWS\SYSTEM32\dhcpcsvc6.DLL
0x00007ff8f0160000 - 0x00007ff8f017d000 	C:\WINDOWS\SYSTEM32\dhcpcsvc.DLL
0x00007ff8f56f0000 - 0x00007ff8f57ba000 	C:\WINDOWS\SYSTEM32\DNSAPI.dll
0x00007ff8de300000 - 0x00007ff8de344000 	C:\Users\OFICINA\AppData\Local\Temp\jna--828126997\jna9609660358732831994.dll
0x00007ff8f1630000 - 0x00007ff8f163e000 	C:\Users\OFICINA\.vscode\extensions\redhat.java-1.9.0-win32-x64\jre\17.0.3-win32-x86_64\bin\sunmscapi.dll
0x00007ff8f6c10000 - 0x00007ff8f6d66000 	C:\WINDOWS\System32\CRYPT32.dll
0x00007ff8f5cd0000 - 0x00007ff8f5cf7000 	C:\WINDOWS\SYSTEM32\ncrypt.dll
0x00007ff8f5c90000 - 0x00007ff8f5ccb000 	C:\WINDOWS\SYSTEM32\NTASN1.dll
0x00007ff8ecd10000 - 0x00007ff8ecd1a000 	C:\Windows\System32\rasadhlp.dll
0x00007ff8ec7c0000 - 0x00007ff8ec840000 	C:\WINDOWS\System32\fwpuclnt.dll

dbghelp: loaded successfully - version: 4.0.5 - missing functions: none
symbol engine: initialized successfully - sym options: 0x614 - pdb path: .;c:\Users\OFICINA\.vscode\extensions\redhat.java-1.9.0-win32-x64\jre\17.0.3-win32-x86_64\bin;C:\WINDOWS\SYSTEM32;C:\WINDOWS\WinSxS\amd64_microsoft.windows.common-controls_6595b64144ccf1df_6.0.19041.1110_none_60b5254171f9507e;c:\Users\OFICINA\.vscode\extensions\redhat.java-1.9.0-win32-x64\jre\17.0.3-win32-x86_64\bin\server;C:\Users\OFICINA\AppData\Roaming\Code\User\globalStorage\redhat.java\1.9.0\config_win\org.eclipse.equinox.launcher\org.eclipse.equinox.launcher.win32.win32.x86_64_1.2.500.v20220509-0833;C:\Users\OFICINA\AppData\Local\Temp\jna--828126997

VM Arguments:
jvm_args: --add-modules=ALL-SYSTEM --add-opens=java.base/java.util=ALL-UNNAMED --add-opens=java.base/java.lang=ALL-UNNAMED --add-opens=java.base/sun.nio.fs=ALL-UNNAMED -Declipse.application=org.eclipse.jdt.ls.core.id1 -Dosgi.bundles.defaultStartLevel=4 -Declipse.product=org.eclipse.jdt.ls.core.product -Djava.import.generatesMetadataFilesAtProjectRoot=false -Dfile.encoding=utf8 -DwatchParentProcess=false -XX:+UseParallelGC -XX:GCTimeRatio=4 -XX:AdaptiveSizePolicyWeight=90 -Dsun.zip.disableMemoryMapping=true -Xmx1G -Xms100m -javaagent:c:\Users\OFICINA\.vscode\extensions\redhat.java-1.9.0-win32-x64\lombok\lombok-1.18.24.jar -XX:+HeapDumpOnOutOfMemoryError -XX:HeapDumpPath=c:\Users\OFICINA\AppData\Roaming\Code\User\workspaceStorage\b96f5073c331a7619b1ebbcc4ab94205\redhat.java 
java_command: c:\Users\OFICINA\.vscode\extensions\redhat.java-1.9.0-win32-x64\server\plugins\org.eclipse.equinox.launcher_1.6.400.v20210924-0641.jar -configuration c:\Users\OFICINA\AppData\Roaming\Code\User\globalStorage\redhat.java\1.9.0\config_win -data c:\Users\OFICINA\AppData\Roaming\Code\User\workspaceStorage\b96f5073c331a7619b1ebbcc4ab94205\redhat.java\jdt_ws
java_class_path (initial): c:\Users\OFICINA\.vscode\extensions\redhat.java-1.9.0-win32-x64\server\plugins\org.eclipse.equinox.launcher_1.6.400.v20210924-0641.jar
Launcher Type: SUN_STANDARD

[Global flags]
    uintx AdaptiveSizePolicyWeight                 = 90                                        {product} {command line}
     intx CICompilerCount                          = 3                                         {product} {ergonomic}
    uintx GCTimeRatio                              = 4                                         {product} {command line}
     bool HeapDumpOnOutOfMemoryError               = true                                   {manageable} {command line}
    ccstr HeapDumpPath                             = c:\Users\OFICINA\AppData\Roaming\Code\User\workspaceStorage\b96f5073c331a7619b1ebbcc4ab94205\redhat.java         {manageable} {command line}
   size_t InitialHeapSize                          = 104857600                                 {product} {command line}
   size_t MaxHeapSize                              = 1073741824                                {product} {command line}
   size_t MaxNewSize                               = 357564416                                 {product} {ergonomic}
   size_t MinHeapDeltaBytes                        = 524288                                    {product} {ergonomic}
   size_t MinHeapSize                              = 104857600                                 {product} {command line}
   size_t NewSize                                  = 34603008                                  {product} {ergonomic}
    uintx NonNMethodCodeHeapSize                   = 5832780                                {pd product} {ergonomic}
    uintx NonProfiledCodeHeapSize                  = 122912730                              {pd product} {ergonomic}
   size_t OldSize                                  = 70254592                                  {product} {ergonomic}
    uintx ProfiledCodeHeapSize                     = 122912730                              {pd product} {ergonomic}
    uintx ReservedCodeCacheSize                    = 251658240                              {pd product} {ergonomic}
     bool SegmentedCodeCache                       = true                                      {product} {ergonomic}
   size_t SoftMaxHeapSize                          = 1073741824                             {manageable} {ergonomic}
     bool UseCompressedClassPointers               = true                           {product lp64_product} {ergonomic}
     bool UseCompressedOops                        = true                           {product lp64_product} {ergonomic}
     bool UseLargePagesIndividualAllocation        = false                                  {pd product} {ergonomic}
     bool UseParallelGC                            = true                                      {product} {command line}

Logging:
Log output configuration:
 #0: stdout all=warning uptime,level,tags
 #1: stderr all=off uptime,level,tags

Environment Variables:
PATH=C:\Program Files\Common Files\Oracle\Java\javapath;C:\Program Files\Eclipse Adoptium\jdk-17.0.4.8-hotspot\bin;C:\WINDOWS\system32;C:\WINDOWS;C:\WINDOWS\System32\Wbem;C:\WINDOWS\System32\WindowsPowerShell\v1.0\;C:\WINDOWS\System32\OpenSSH\;C:\Program Files\Java\jdk-18.0.2\bin;C:\Users\OFICINA\AppData\Local\Microsoft\WindowsApps;;C:\Users\OFICINA\AppData\Local\Programs\Microsoft VS Code\bin
USERNAME=OFICINA
OS=Windows_NT
PROCESSOR_IDENTIFIER=Intel64 Family 6 Model 158 Stepping 10, GenuineIntel



---------------  S Y S T E M  ---------------

OS:
 Windows 10 , 64 bit Build 19041 (10.0.19041.1889)
OS uptime: 0 days 7:02 hours

CPU: total 6 (initial active 6) (6 cores per cpu, 1 threads per core) family 6 model 158 stepping 10 microcode 0xd6, cx8, cmov, fxsr, mmx, 3dnowpref, sse, sse2, sse3, ssse3, sse4.1, sse4.2, popcnt, lzcnt, tsc, tscinvbit, avx, avx2, aes, erms, clmul, bmi1, bmi2, adx, fma, vzeroupper, clflush, clflushopt

Memory: 4k page, system-wide physical 16319M (10657M free)
TotalPageFile size 18751M (AvailPageFile size 11396M)
current process WorkingSet (physical memory assigned to process): 689M, peak: 839M
current process commit charge ("private bytes"): 594M, peak: 836M

vm_info: OpenJDK 64-Bit Server VM (17.0.3+7) for windows-amd64 JRE (17.0.3+7), built on Apr 19 2022 16:55:35 by "" with MS VC++ 16.7 (VS2019)

END.
